<?xml version="1.0" encoding="UTF-8"?>
<testsuite name="demo.SystemTest" tests="1" skipped="0" failures="0" errors="0" timestamp="2025-01-01T21:11:18" hostname="marjo" time="6.317">
  <properties/>
  <testcase name="testAddProject" classname="demo.SystemTest" time="6.317"/>
  <system-out><![CDATA[22:11:14.886 [Test worker] INFO org.springframework.test.context.support.AnnotationConfigContextLoaderUtils -- Could not detect default configuration classes for test class [demo.SystemTest]: SystemTest does not declare any static, non-private, non-final, nested classes annotated with @Configuration.
22:11:15.004 [Test worker] INFO org.springframework.boot.test.context.SpringBootTestContextBootstrapper -- Found @SpringBootConfiguration demo.ServingWebContentApplication for test class demo.SystemTest

  .   ____          _            __ _ _
 /\\ / ___'_ __ _ _(_)_ __  __ _ \ \ \ \
( ( )\___ | '_ | '_| | '_ \/ _` | \ \ \ \
 \\/  ___)| |_)| | | | | || (_| |  ) ) ) )
  '  |____| .__|_| |_|_| |_\__, | / / / /
 =========|_|==============|___/=/_/_/_/
 :: Spring Boot ::                (v3.2.0)

2025-01-01T22:11:15.343+01:00  INFO 53222 --- [    Test worker] demo.SystemTest                          : Starting SystemTest using Java 17.0.13 with PID 53222 (started by adi in /home/adi/IdeaProjects/ProgettazioneValidazionePageObjects/esameProgValid)
2025-01-01T22:11:15.344+01:00  INFO 53222 --- [    Test worker] demo.SystemTest                          : No active profile set, falling back to 1 default profile: "default"
2025-01-01T22:11:15.940+01:00  INFO 53222 --- [    Test worker] .s.d.r.c.RepositoryConfigurationDelegate : Bootstrapping Spring Data JPA repositories in DEFAULT mode.
2025-01-01T22:11:15.989+01:00  INFO 53222 --- [    Test worker] .s.d.r.c.RepositoryConfigurationDelegate : Finished Spring Data repository scanning in 41 ms. Found 2 JPA repository interfaces.
2025-01-01T22:11:16.497+01:00  INFO 53222 --- [    Test worker] o.s.b.w.embedded.tomcat.TomcatWebServer  : Tomcat initialized with port 8080 (http)
2025-01-01T22:11:16.509+01:00  INFO 53222 --- [    Test worker] o.apache.catalina.core.StandardService   : Starting service [Tomcat]
2025-01-01T22:11:16.510+01:00  INFO 53222 --- [    Test worker] o.apache.catalina.core.StandardEngine    : Starting Servlet engine: [Apache Tomcat/10.1.16]
2025-01-01T22:11:16.587+01:00  INFO 53222 --- [    Test worker] o.a.c.c.C.[Tomcat].[localhost].[/]       : Initializing Spring embedded WebApplicationContext
2025-01-01T22:11:16.589+01:00  INFO 53222 --- [    Test worker] w.s.c.ServletWebServerApplicationContext : Root WebApplicationContext: initialization completed in 1222 ms
2025-01-01T22:11:16.727+01:00  INFO 53222 --- [    Test worker] com.zaxxer.hikari.HikariDataSource       : HikariPool-1 - Starting...
2025-01-01T22:11:16.914+01:00  INFO 53222 --- [    Test worker] com.zaxxer.hikari.pool.HikariPool        : HikariPool-1 - Added connection conn0: url=jdbc:h2:mem:9366580f-d573-4028-a52a-b264d08c0cf4 user=SA
2025-01-01T22:11:16.915+01:00  INFO 53222 --- [    Test worker] com.zaxxer.hikari.HikariDataSource       : HikariPool-1 - Start completed.
2025-01-01T22:11:16.959+01:00  INFO 53222 --- [    Test worker] o.hibernate.jpa.internal.util.LogHelper  : HHH000204: Processing PersistenceUnitInfo [name: default]
2025-01-01T22:11:17.005+01:00  INFO 53222 --- [    Test worker] org.hibernate.Version                    : HHH000412: Hibernate ORM core version 6.3.1.Final
2025-01-01T22:11:17.039+01:00  INFO 53222 --- [    Test worker] o.h.c.internal.RegionFactoryInitiator    : HHH000026: Second-level cache disabled
2025-01-01T22:11:17.250+01:00  INFO 53222 --- [    Test worker] o.s.o.j.p.SpringPersistenceUnitInfo      : No LoadTimeWeaver setup: ignoring JPA class transformer
2025-01-01T22:11:18.007+01:00  INFO 53222 --- [    Test worker] o.h.e.t.j.p.i.JtaPlatformInitiator       : HHH000489: No JTA platform available (set 'hibernate.transaction.jta.platform' to enable JTA platform integration)
2025-01-01T22:11:18.034+01:00  INFO 53222 --- [    Test worker] j.LocalContainerEntityManagerFactoryBean : Initialized JPA EntityManagerFactory for persistence unit 'default'
2025-01-01T22:11:18.348+01:00  WARN 53222 --- [    Test worker] JpaBaseConfiguration$JpaWebConfiguration : spring.jpa.open-in-view is enabled by default. Therefore, database queries may be performed during view rendering. Explicitly configure spring.jpa.open-in-view to disable this warning
2025-01-01T22:11:18.932+01:00  INFO 53222 --- [    Test worker] o.s.b.w.embedded.tomcat.TomcatWebServer  : Tomcat started on port 8080 (http) with context path ''
2025-01-01T22:11:18.943+01:00  INFO 53222 --- [    Test worker] demo.SystemTest                          : Started SystemTest in 3.809 seconds (process running for 4.643)
2025-01-01T22:11:19.702+01:00  INFO 53222 --- [    Test worker] i.g.bonigarcia.wdm.WebDriverManager      : Using geckodriver 0.35.0 (resolved driver for Firefox 133)
2025-01-01T22:11:19.711+01:00  INFO 53222 --- [    Test worker] i.g.bonigarcia.wdm.WebDriverManager      : Exporting webdriver.gecko.driver as /home/adi/.cache/selenium/geckodriver/linux64/0.35.0/geckodriver
2025-01-01T22:11:22.390+01:00  INFO 53222 --- [nio-8080-exec-1] o.a.c.c.C.[Tomcat].[localhost].[/]       : Initializing Spring DispatcherServlet 'dispatcherServlet'
2025-01-01T22:11:22.390+01:00  INFO 53222 --- [nio-8080-exec-1] o.s.web.servlet.DispatcherServlet        : Initializing Servlet 'dispatcherServlet'
2025-01-01T22:11:22.392+01:00  INFO 53222 --- [nio-8080-exec-1] o.s.web.servlet.DispatcherServlet        : Completed initialization in 0 ms
2025-01-01T22:11:25.261+01:00  WARN 53222 --- [       Thread-4] org.openqa.selenium.os.ExternalProcess   : failed to copy the output of process 53320

java.io.IOException: Stream closed
	at java.base/java.io.BufferedInputStream.getBufIfOpen(BufferedInputStream.java:168) ~[na:na]
	at java.base/java.io.BufferedInputStream.read(BufferedInputStream.java:334) ~[na:na]
	at java.base/java.io.InputStream.transferTo(InputStream.java:782) ~[na:na]
	at org.openqa.selenium.os.ExternalProcess$Builder.lambda$start$0(ExternalProcess.java:209) ~[selenium-os-4.14.1.jar:na]
	at java.base/java.lang.Thread.run(Thread.java:840) ~[na:na]

]]></system-out>
  <system-err><![CDATA[]]></system-err>
</testsuite>
